\BOOKMARK [0][]{Contents.0}{\376\377\000T\000a\000b\000l\000e\000\040\000o\000f\000\040\000c\000o\000n\000t\000e\000n\000t\000s}{}% 1
\BOOKMARK [0][]{chapter*.7}{\376\377\000L\000i\000s\000t\000\040\000o\000f\000\040\000f\000i\000g\000u\000r\000e\000s}{}% 2
\BOOKMARK [0][]{chapter*.8}{\376\377\000L\000i\000s\000t\000\040\000o\000f\000\040\000t\000a\000b\000l\000e\000s}{}% 3
\BOOKMARK [-1][]{part.1}{\376\377\000I\000\040\000S\000e\000c\000t\000i\000o\000n\000\040\000O\000n\000e}{}% 4
\BOOKMARK [0][]{chapter.1}{\376\377\0001\000\040\000G\000e\000t\000t\000i\000n\000g\000\040\000s\000t\000a\000r\000t\000e\000d}{part.1}% 5
\BOOKMARK [1][]{section.1.1}{\376\377\0001\000.\0001\000\040\000W\000h\000a\000t\000\040\000i\000s\000\040\000l\000o\000r\000e\000n\000\040\000i\000p\000s\000u\000m\000?\000\040\000T\000i\000t\000l\000e\000\040\000w\000i\000t\000h\000\040\000m\000a\000t\000h\000\040\000[\000s\000i\000g\000m\000a\000]}{chapter.1}% 6
\BOOKMARK [1][]{section.1.2}{\376\377\0001\000.\0002\000\040\000W\000h\000y\000\040\000d\000o\000\040\000w\000e\000\040\000u\000s\000e\000\040\000l\000o\000r\000e\000n\000\040\000i\000p\000s\000u\000m\000?}{chapter.1}% 7
\BOOKMARK [1][]{section.1.3}{\376\377\0001\000.\0003\000\040\000W\000h\000e\000r\000e\000\040\000d\000o\000e\000s\000\040\000i\000t\000\040\000c\000o\000m\000e\000\040\000f\000r\000o\000m\000?}{chapter.1}% 8
\BOOKMARK [0][]{chapter.2}{\376\377\0002\000\040\000M\000y\000\040\000s\000e\000c\000o\000n\000d\000\040\000c\000h\000a\000p\000t\000e\000r}{part.1}% 9
\BOOKMARK [1][]{section.2.1}{\376\377\0002\000.\0001\000\040\000S\000h\000o\000r\000t\000\040\000t\000i\000t\000l\000e}{chapter.2}% 10
\BOOKMARK [-1][]{part.2}{\376\377\000I\000I\000\040\000S\000e\000c\000t\000i\000o\000n\000\040\000T\000w\000o}{}% 11
\BOOKMARK [0][]{chapter.3}{\376\377\0003\000\040\000M\000y\000\040\000t\000h\000i\000r\000d\000\040\000c\000h\000a\000p\000t\000e\000r}{part.2}% 12
\BOOKMARK [1][]{section.3.1}{\376\377\0003\000.\0001\000\040\000F\000i\000r\000s\000t\000\040\000s\000e\000c\000t\000i\000o\000n\000\040\000o\000f\000\040\000t\000h\000e\000\040\000t\000h\000i\000r\000d\000\040\000c\000h\000a\000p\000t\000e\000r}{chapter.3}% 13
\BOOKMARK [2][]{subsection.3.1.1}{\376\377\0003\000.\0001\000.\0001\000\040\000F\000i\000r\000s\000t\000\040\000s\000u\000b\000s\000e\000c\000t\000i\000o\000n\000\040\000i\000n\000\040\000t\000h\000e\000\040\000f\000i\000r\000s\000t\000\040\000s\000e\000c\000t\000i\000o\000n}{section.3.1}% 14
\BOOKMARK [2][]{subsection.3.1.2}{\376\377\0003\000.\0001\000.\0002\000\040\000S\000e\000c\000o\000n\000d\000\040\000s\000u\000b\000s\000e\000c\000t\000i\000o\000n\000\040\000i\000n\000\040\000t\000h\000e\000\040\000f\000i\000r\000s\000t\000\040\000s\000e\000c\000t\000i\000o\000n}{section.3.1}% 15
\BOOKMARK [2][]{subsection.3.1.3}{\376\377\0003\000.\0001\000.\0003\000\040\000T\000h\000i\000r\000d\000\040\000s\000u\000b\000s\000e\000c\000t\000i\000o\000n\000\040\000i\000n\000\040\000t\000h\000e\000\040\000f\000i\000r\000s\000t\000\040\000s\000e\000c\000t\000i\000o\000n}{section.3.1}% 16
\BOOKMARK [1][]{section.3.2}{\376\377\0003\000.\0002\000\040\000S\000e\000c\000o\000n\000d\000\040\000s\000e\000c\000t\000i\000o\000n\000\040\000o\000f\000\040\000t\000h\000e\000\040\000t\000h\000i\000r\000d\000\040\000c\000h\000a\000p\000t\000e\000r}{chapter.3}% 17
\BOOKMARK [1][]{section.3.3}{\376\377\0003\000.\0003\000\040\000T\000h\000e\000\040\000l\000a\000y\000o\000u\000t\000\040\000o\000f\000\040\000f\000o\000r\000m\000a\000l\000\040\000t\000a\000b\000l\000e\000s}{chapter.3}% 18
\BOOKMARK [0][]{chapter*.21}{\376\377\000R\000e\000f\000e\000r\000e\000n\000c\000e\000s}{part.2}% 19
\BOOKMARK [0][]{Appendix.a.A}{\376\377\000A\000p\000p\000e\000n\000d\000i\000x\000\040\000A\000\040\000H\000o\000w\000\040\000t\000o\000\040\000i\000n\000s\000t\000a\000l\000l\000\040\000L\000a\000T\000e\000X}{part.2}% 20
\BOOKMARK [0][]{Appendix.a.B}{\376\377\000A\000p\000p\000e\000n\000d\000i\000x\000\040\000B\000\040\000I\000n\000s\000t\000a\000l\000l\000i\000n\000g\000\040\000t\000h\000e\000\040\000D\000I\000B\000R\000I\000S\000\040\000U\000n\000i\000g\000e\000-\000t\000h\000e\000s\000i\000s\000\040\000c\000l\000a\000s\000s\000\040\000f\000i\000l\000e}{part.2}% 21
